<?xml version="1.0" encoding="UTF-8"?>
<testsuite name="com.web.DataService.DataServiceApplicationTests" tests="1" skipped="0" failures="0" errors="0" timestamp="2025-10-20T06:48:50.229Z" hostname="MSI" time="0.338">
  <properties/>
  <testcase name="contextLoads()" classname="com.web.DataService.DataServiceApplicationTests" time="0.338"/>
  <system-out><![CDATA[08:48:45.017 [Test worker] INFO org.springframework.test.context.support.AnnotationConfigContextLoaderUtils -- Could not detect default configuration classes for test class [com.web.DataService.DataServiceApplicationTests]: DataServiceApplicationTests does not declare any static, non-private, non-final, nested classes annotated with @Configuration.
08:48:45.151 [Test worker] INFO org.springframework.boot.test.context.SpringBootTestContextBootstrapper -- Found @SpringBootConfiguration com.web.DataService.DataServiceApplication for test class com.web.DataService.DataServiceApplicationTests

  .   ____          _            __ _ _
 /\\ / ___'_ __ _ _(_)_ __  __ _ \ \ \ \
( ( )\___ | '_ | '_| | '_ \/ _` | \ \ \ \
 \\/  ___)| |_)| | | | | || (_| |  ) ) ) )
  '  |____| .__|_| |_|_| |_\__, | / / / /
 =========|_|==============|___/=/_/_/_/

 :: Spring Boot ::                (v3.5.6)

2025-10-20T08:48:45.624+02:00  INFO 33052 --- [DataService] [    Test worker] c.w.D.DataServiceApplicationTests        : Starting DataServiceApplicationTests using Java 21.0.2 with PID 33052 (started by ssp_9 in C:\Users\ssp_9\Desktop\SpringBoot Project different repositories\SpringBootProjectDataService)
2025-10-20T08:48:45.625+02:00  INFO 33052 --- [DataService] [    Test worker] c.w.D.DataServiceApplicationTests        : No active profile set, falling back to 1 default profile: "default"
2025-10-20T08:48:46.295+02:00  INFO 33052 --- [DataService] [    Test worker] .s.d.r.c.RepositoryConfigurationDelegate : Bootstrapping Spring Data JPA repositories in DEFAULT mode.
2025-10-20T08:48:46.354+02:00  INFO 33052 --- [DataService] [    Test worker] .s.d.r.c.RepositoryConfigurationDelegate : Finished Spring Data repository scanning in 50 ms. Found 3 JPA repository interfaces.
2025-10-20T08:48:46.879+02:00  INFO 33052 --- [DataService] [    Test worker] com.zaxxer.hikari.HikariDataSource       : HikariPool-1 - Starting...
2025-10-20T08:48:47.166+02:00  INFO 33052 --- [DataService] [    Test worker] com.zaxxer.hikari.pool.PoolBase          : HikariPool-1 - Driver does not support get/set network timeout for connections. (feature not supported)
2025-10-20T08:48:47.168+02:00  INFO 33052 --- [DataService] [    Test worker] com.zaxxer.hikari.pool.HikariPool        : HikariPool-1 - Added connection org.hsqldb.jdbc.JDBCConnection@7a36c83a
2025-10-20T08:48:47.170+02:00  INFO 33052 --- [DataService] [    Test worker] com.zaxxer.hikari.HikariDataSource       : HikariPool-1 - Start completed.
2025-10-20T08:48:47.366+02:00  INFO 33052 --- [DataService] [    Test worker] o.hibernate.jpa.internal.util.LogHelper  : HHH000204: Processing PersistenceUnitInfo [name: default]
2025-10-20T08:48:47.461+02:00  INFO 33052 --- [DataService] [    Test worker] org.hibernate.Version                    : HHH000412: Hibernate ORM core version 6.6.29.Final
2025-10-20T08:48:47.505+02:00  INFO 33052 --- [DataService] [    Test worker] o.h.c.internal.RegionFactoryInitiator    : HHH000026: Second-level cache disabled
2025-10-20T08:48:47.816+02:00  INFO 33052 --- [DataService] [    Test worker] o.s.o.j.p.SpringPersistenceUnitInfo      : No LoadTimeWeaver setup: ignoring JPA class transformer
2025-10-20T08:48:47.888+02:00  INFO 33052 --- [DataService] [    Test worker] org.hibernate.orm.connections.pooling    : HHH10001005: Database info:
	Database JDBC URL [Connecting through datasource 'HikariDataSource (HikariPool-1)']
	Database driver: undefined/unknown
	Database version: 2.7.3
	Autocommit mode: undefined/unknown
	Isolation level: undefined/unknown
	Minimum pool size: undefined/unknown
	Maximum pool size: undefined/unknown
2025-10-20T08:48:48.558+02:00  INFO 33052 --- [DataService] [    Test worker] o.h.e.t.j.p.i.JtaPlatformInitiator       : HHH000489: No JTA platform available (set 'hibernate.transaction.jta.platform' to enable JTA platform integration)
2025-10-20T08:48:48.562+02:00  INFO 33052 --- [DataService] [    Test worker] j.LocalContainerEntityManagerFactoryBean : Initialized JPA EntityManagerFactory for persistence unit 'default'
2025-10-20T08:48:49.034+02:00  WARN 33052 --- [DataService] [    Test worker] JpaBaseConfiguration$JpaWebConfiguration : spring.jpa.open-in-view is enabled by default. Therefore, database queries may be performed during view rendering. Explicitly configure spring.jpa.open-in-view to disable this warning
2025-10-20T08:48:50.193+02:00  INFO 33052 --- [DataService] [    Test worker] c.w.D.DataServiceApplicationTests        : Started DataServiceApplicationTests in 4.858 seconds (process running for 6.039)
]]></system-out>
  <system-err><![CDATA[Mockito is currently self-attaching to enable the inline-mock-maker. This will no longer work in future releases of the JDK. Please add Mockito as an agent to your build as described in Mockito's documentation: https://javadoc.io/doc/org.mockito/mockito-core/latest/org.mockito/org/mockito/Mockito.html#0.3
WARNING: A Java agent has been loaded dynamically (C:\Users\ssp_9\.gradle\caches\modules-2\files-2.1\net.bytebuddy\byte-buddy-agent\1.17.7\fbf3d6d649ed37fc9e9c59480a05be0a26e3c2da\byte-buddy-agent-1.17.7.jar)
WARNING: If a serviceability tool is in use, please run with -XX:+EnableDynamicAgentLoading to hide this warning
WARNING: If a serviceability tool is not in use, please run with -Djdk.instrument.traceUsage for more information
WARNING: Dynamic loading of agents will be disallowed by default in a future release
]]></system-err>
</testsuite>
