<?xml version="1.0" encoding="UTF-8"?>
<testsuite name="com.web.DataService.DataServiceApplicationTests" tests="1" skipped="0" failures="0" errors="0" timestamp="2025-10-17T10:12:23.303Z" hostname="LABPC" time="0.946">
  <properties/>
  <testcase name="contextLoads()" classname="com.web.DataService.DataServiceApplicationTests" time="0.946"/>
  <system-out><![CDATA[06:12:08.860 [Test worker] INFO org.springframework.test.context.support.AnnotationConfigContextLoaderUtils -- Could not detect default configuration classes for test class [com.web.DataService.DataServiceApplicationTests]: DataServiceApplicationTests does not declare any static, non-private, non-final, nested classes annotated with @Configuration.
06:12:09.149 [Test worker] INFO org.springframework.boot.test.context.SpringBootTestContextBootstrapper -- Found @SpringBootConfiguration com.web.DataService.DataServiceApplication for test class com.web.DataService.DataServiceApplicationTests

  .   ____          _            __ _ _
 /\\ / ___'_ __ _ _(_)_ __  __ _ \ \ \ \
( ( )\___ | '_ | '_| | '_ \/ _` | \ \ \ \
 \\/  ___)| |_)| | | | | || (_| |  ) ) ) )
  '  |____| .__|_| |_|_| |_\__, | / / / /
 =========|_|==============|___/=/_/_/_/

 :: Spring Boot ::                (v3.5.6)

2025-10-17T06:12:10.749-04:00  INFO 8816 --- [DataService] [    Test worker] c.w.D.DataServiceApplicationTests        : Starting DataServiceApplicationTests using Java 21.0.5 with PID 8816 (started by labadmin in C:\SpringBootProject\SpringBootProjectDataService)
2025-10-17T06:12:10.749-04:00  INFO 8816 --- [DataService] [    Test worker] c.w.D.DataServiceApplicationTests        : No active profile set, falling back to 1 default profile: "default"
2025-10-17T06:12:13.538-04:00  INFO 8816 --- [DataService] [    Test worker] .s.d.r.c.RepositoryConfigurationDelegate : Bootstrapping Spring Data JPA repositories in DEFAULT mode.
2025-10-17T06:12:13.746-04:00  INFO 8816 --- [DataService] [    Test worker] .s.d.r.c.RepositoryConfigurationDelegate : Finished Spring Data repository scanning in 169 ms. Found 1 JPA repository interface.
2025-10-17T06:12:15.284-04:00  INFO 8816 --- [DataService] [    Test worker] com.zaxxer.hikari.HikariDataSource       : HikariPool-1 - Starting...
2025-10-17T06:12:16.116-04:00  INFO 8816 --- [DataService] [    Test worker] com.zaxxer.hikari.pool.PoolBase          : HikariPool-1 - Driver does not support get/set network timeout for connections. (feature not supported)
2025-10-17T06:12:16.116-04:00  INFO 8816 --- [DataService] [    Test worker] com.zaxxer.hikari.pool.HikariPool        : HikariPool-1 - Added connection org.hsqldb.jdbc.JDBCConnection@6cc48a17
2025-10-17T06:12:16.132-04:00  INFO 8816 --- [DataService] [    Test worker] com.zaxxer.hikari.HikariDataSource       : HikariPool-1 - Start completed.
2025-10-17T06:12:16.561-04:00  INFO 8816 --- [DataService] [    Test worker] o.hibernate.jpa.internal.util.LogHelper  : HHH000204: Processing PersistenceUnitInfo [name: default]
2025-10-17T06:12:16.721-04:00  INFO 8816 --- [DataService] [    Test worker] org.hibernate.Version                    : HHH000412: Hibernate ORM core version 6.6.29.Final
2025-10-17T06:12:16.858-04:00  INFO 8816 --- [DataService] [    Test worker] o.h.c.internal.RegionFactoryInitiator    : HHH000026: Second-level cache disabled
2025-10-17T06:12:17.804-04:00  INFO 8816 --- [DataService] [    Test worker] o.s.o.j.p.SpringPersistenceUnitInfo      : No LoadTimeWeaver setup: ignoring JPA class transformer
2025-10-17T06:12:18.052-04:00  INFO 8816 --- [DataService] [    Test worker] org.hibernate.orm.connections.pooling    : HHH10001005: Database info:
	Database JDBC URL [Connecting through datasource 'HikariDataSource (HikariPool-1)']
	Database driver: undefined/unknown
	Database version: 2.7.3
	Autocommit mode: undefined/unknown
	Isolation level: undefined/unknown
	Minimum pool size: undefined/unknown
	Maximum pool size: undefined/unknown
2025-10-17T06:12:19.897-04:00  INFO 8816 --- [DataService] [    Test worker] o.h.e.t.j.p.i.JtaPlatformInitiator       : HHH000489: No JTA platform available (set 'hibernate.transaction.jta.platform' to enable JTA platform integration)
2025-10-17T06:12:19.897-04:00  INFO 8816 --- [DataService] [    Test worker] j.LocalContainerEntityManagerFactoryBean : Initialized JPA EntityManagerFactory for persistence unit 'default'
2025-10-17T06:12:21.251-04:00  WARN 8816 --- [DataService] [    Test worker] JpaBaseConfiguration$JpaWebConfiguration : spring.jpa.open-in-view is enabled by default. Therefore, database queries may be performed during view rendering. Explicitly configure spring.jpa.open-in-view to disable this warning
2025-10-17T06:12:23.224-04:00  INFO 8816 --- [DataService] [    Test worker] c.w.D.DataServiceApplicationTests        : Started DataServiceApplicationTests in 13.554 seconds (process running for 17.55)
]]></system-out>
  <system-err><![CDATA[Mockito is currently self-attaching to enable the inline-mock-maker. This will no longer work in future releases of the JDK. Please add Mockito as an agent to your build as described in Mockito's documentation: https://javadoc.io/doc/org.mockito/mockito-core/latest/org.mockito/org/mockito/Mockito.html#0.3
WARNING: A Java agent has been loaded dynamically (C:\Users\labadmin\.gradle\caches\modules-2\files-2.1\net.bytebuddy\byte-buddy-agent\1.17.7\fbf3d6d649ed37fc9e9c59480a05be0a26e3c2da\byte-buddy-agent-1.17.7.jar)
WARNING: If a serviceability tool is in use, please run with -XX:+EnableDynamicAgentLoading to hide this warning
WARNING: If a serviceability tool is not in use, please run with -Djdk.instrument.traceUsage for more information
WARNING: Dynamic loading of agents will be disallowed by default in a future release
]]></system-err>
</testsuite>
